[1.011s] Invoking command in '/home/dotamy/project-name/src/build/topic_demo_cpp': CMAKE_PREFIX_PATH=${CMAKE_PREFIX_PATH}:/opt/ros/jazzy /usr/bin/cmake --build /home/dotamy/project-name/src/build/topic_demo_cpp -- -j8 -l8
[1.199s] -- Found ament_cmake: 2.5.3 (/opt/ros/jazzy/share/ament_cmake/cmake)
[2.358s] -- Found rclcpp: 28.1.8 (/opt/ros/jazzy/share/rclcpp/cmake)
[2.482s] -- Found rosidl_generator_c: 4.6.5 (/opt/ros/jazzy/share/rosidl_generator_c/cmake)
[2.540s] -- Found rosidl_generator_cpp: 4.6.5 (/opt/ros/jazzy/share/rosidl_generator_cpp/cmake)
[2.602s] -- Using all available rosidl_typesupport_c: rosidl_typesupport_fastrtps_c;rosidl_typesupport_introspection_c
[2.664s] -- Using all available rosidl_typesupport_cpp: rosidl_typesupport_fastrtps_cpp;rosidl_typesupport_introspection_cpp
[2.894s] -- Found rmw_implementation_cmake: 7.3.2 (/opt/ros/jazzy/share/rmw_implementation_cmake/cmake)
[2.901s] -- Found rmw_fastrtps_cpp: 8.4.2 (/opt/ros/jazzy/share/rmw_fastrtps_cpp/cmake)
[3.207s] -- Using RMW implementation 'rmw_fastrtps_cpp' as default
[3.407s] -- Found std_msgs: 5.3.6 (/opt/ros/jazzy/share/std_msgs/cmake)
[3.453s] -- Found ament_lint_auto: 0.17.2 (/opt/ros/jazzy/share/ament_lint_auto/cmake)
[3.872s] -- Added test 'cppcheck' to perform static code analysis on C / C++ code
[3.872s] -- Configured cppcheck include dirs: 
[3.873s] -- Configured cppcheck exclude dirs and/or files: 
[3.876s] -- Added test 'lint_cmake' to check CMake code style
[3.886s] -- Added test 'uncrustify' to check C / C++ code style
[3.891s] -- Configured uncrustify additional arguments: 
[3.896s] -- Added test 'xmllint' to check XML markup files
[3.899s] -- Configuring done (2.7s)
[4.016s] -- Generating done (0.1s)
[4.038s] -- Build files have been written to: /home/dotamy/project-name/src/build/topic_demo_cpp
[4.435s] [ 50%] Built target subnode
[4.460s] [ 75%] [32mBuilding CXX object CMakeFiles/pubnode.dir/src/publisher.cpp.o[0m
[14.455s] In file included from [01m[K/opt/ros/jazzy/include/rclcpp/rclcpp/logging.hpp:24[m[K,
[14.460s]                  from [01m[K/opt/ros/jazzy/include/rclcpp/rclcpp/copy_all_parameter_values.hpp:27[m[K,
[14.465s]                  from [01m[K/opt/ros/jazzy/include/rclcpp/rclcpp/rclcpp.hpp:171[m[K,
[14.468s]                  from [01m[K/home/dotamy/project-name/src/topic_demo_cpp/src/publisher.cpp:2[m[K:
[14.472s] [01m[K/home/dotamy/project-name/src/topic_demo_cpp/src/publisher.cpp:[m[K In lambda function:
[14.474s] [01m[K/home/dotamy/project-name/src/topic_demo_cpp/src/publisher.cpp:26:45:[m[K [01;31m[Kerror: [m[Kcannot convert â€˜[01m[Kstd_msgs::msg::String_<std::allocator<void> >[m[Kâ€™ to â€˜[01m[Kconst char*[m[Kâ€™
[14.475s]    26 |             RCLCPP_INFO(this->get_logger(), [01;31m[Kmsg[m[K);  // ROS2æ—¥å¿—è¾“å‡º
[14.475s]       |                                             [01;31m[K^~~[m[K
[14.476s]       |                                             [01;31m[K|[m[K
[14.477s]       |                                             [01;31m[Kstd_msgs::msg::String_<std::allocator<void> >[m[K
[14.477s] In file included from [01m[K/opt/ros/jazzy/include/rmw/rmw/types.h:28[m[K,
[14.478s]                  from [01m[K/opt/ros/jazzy/include/rcl/rcl/types.h:20[m[K,
[14.479s]                  from [01m[K/opt/ros/jazzy/include/rclcpp/rclcpp/exceptions/exceptions.hpp:23[m[K,
[14.479s]                  from [01m[K/opt/ros/jazzy/include/rclcpp/rclcpp/exceptions.hpp:18[m[K,
[14.480s]                  from [01m[K/opt/ros/jazzy/include/rclcpp/rclcpp/parameter.hpp:25[m[K,
[14.480s]                  from [01m[K/opt/ros/jazzy/include/rclcpp/rclcpp/copy_all_parameter_values.hpp:25[m[K:
[14.481s] [01m[K/opt/ros/jazzy/include/rcutils/rcutils/logging.h:473:16:[m[K [01;36m[Knote: [m[K  initializing argument 4 of â€˜[01m[Kvoid[01;32m[K rcutils_log_internal[m[K(const rcutils_log_location_t*, int, const char*, const char*, ...)[m[Kâ€™
[14.482s]   473 |   [01;36m[Kconst char * format[m[K,
[14.482s]       |   [01;36m[K~~~~~~~~~~~~~^~~~~~[m[K
[17.872s] gmake[2]: *** [CMakeFiles/pubnode.dir/build.make:76ï¼šCMakeFiles/pubnode.dir/src/publisher.cpp.o] é”™è¯¯ 1
[17.878s] gmake[1]: *** [CMakeFiles/Makefile2:139ï¼šCMakeFiles/pubnode.dir/all] é”™è¯¯ 2
[17.882s] gmake: *** [Makefile:146ï¼šall] é”™è¯¯ 2
