[01m[K/home/dotamy/project-name/src/topic_demo_cpp/src/subscriber.cpp:[m[K In lambda function:
[01m[K/home/dotamy/project-name/src/topic_demo_cpp/src/subscriber.cpp:18:17:[m[K [01;31m[Kerror: [m[Kâ€˜[01m[Kpublisher[m[Kâ€™ was not declared in this scope
   18 |                 [01;31m[Kpublisher[m[K->publish(msg);
      |                 [01;31m[K^~~~~~~~~[m[K
gmake[2]: *** [CMakeFiles/subnode.dir/build.make:76ï¼šCMakeFiles/subnode.dir/src/subscriber.cpp.o] é”™è¯¯ 1
gmake[1]: *** [CMakeFiles/Makefile2:165ï¼šCMakeFiles/subnode.dir/all] é”™è¯¯ 2
gmake: *** [Makefile:146ï¼šall] é”™è¯¯ 2
