[0.073s] Invoking command in '/home/dotamy/project-name/src/build/topic_demo_cpp': CMAKE_PREFIX_PATH=${CMAKE_PREFIX_PATH}:/opt/ros/jazzy /usr/bin/cmake --build /home/dotamy/project-name/src/build/topic_demo_cpp -- -j8 -l8
[0.574s] [ 50%] Built target pubnode
[0.621s] [ 75%] [32mBuilding CXX object CMakeFiles/subnode.dir/src/subscriber.cpp.o[0m
[14.834s] [01m[K/home/dotamy/project-name/src/topic_demo_cpp/src/subscriber.cpp:[m[K In lambda function:
[14.835s] [01m[K/home/dotamy/project-name/src/topic_demo_cpp/src/subscriber.cpp:18:17:[m[K [01;31m[Kerror: [m[Kâ€˜[01m[Kpublisher[m[Kâ€™ was not declared in this scope
[14.836s]    18 |                 [01;31m[Kpublisher[m[K->publish(msg);
[14.836s]       |                 [01;31m[K^~~~~~~~~[m[K
[24.574s] gmake[2]: *** [CMakeFiles/subnode.dir/build.make:76ï¼šCMakeFiles/subnode.dir/src/subscriber.cpp.o] é”™è¯¯ 1
[24.581s] gmake[1]: *** [CMakeFiles/Makefile2:165ï¼šCMakeFiles/subnode.dir/all] é”™è¯¯ 2
[24.586s] gmake: *** [Makefile:146ï¼šall] é”™è¯¯ 2
[24.614s] Invoked command in '/home/dotamy/project-name/src/build/topic_demo_cpp' returned '2': CMAKE_PREFIX_PATH=${CMAKE_PREFIX_PATH}:/opt/ros/jazzy /usr/bin/cmake --build /home/dotamy/project-name/src/build/topic_demo_cpp -- -j8 -l8
