[0.072s] Invoking command in '/home/dotamy/project-name/src/build/topic_demo_cpp': CMAKE_PREFIX_PATH=${CMAKE_PREFIX_PATH}:/opt/ros/jazzy /usr/bin/cmake /home/dotamy/project-name/src/topic_demo_cpp -DCMAKE_INSTALL_PREFIX=/home/dotamy/project-name/src/install/topic_demo_cpp
[0.482s] -- The C compiler identification is GNU 13.3.0
[0.860s] -- The CXX compiler identification is GNU 13.3.0
[0.990s] -- Detecting C compiler ABI info
[1.670s] -- Detecting C compiler ABI info - done
[1.693s] -- Check for working C compiler: /usr/bin/cc - skipped
[1.694s] -- Detecting C compile features
[1.695s] -- Detecting C compile features - done
[1.767s] -- Detecting CXX compiler ABI info
[2.493s] -- Detecting CXX compiler ABI info - done
[2.519s] -- Check for working CXX compiler: /usr/bin/c++ - skipped
[2.519s] -- Detecting CXX compile features
[2.521s] -- Detecting CXX compile features - done
[2.553s] -- Found ament_cmake: 2.5.3 (/opt/ros/jazzy/share/ament_cmake/cmake)
[3.359s] -- Found Python3: /usr/bin/python3 (found version "3.12.3") found components: Interpreter 
[3.925s] -- Found rclcpp: 28.1.8 (/opt/ros/jazzy/share/rclcpp/cmake)
[4.176s] -- Found rosidl_generator_c: 4.6.5 (/opt/ros/jazzy/share/rosidl_generator_c/cmake)
[4.270s] -- Found rosidl_generator_cpp: 4.6.5 (/opt/ros/jazzy/share/rosidl_generator_cpp/cmake)
[4.372s] -- Using all available rosidl_typesupport_c: rosidl_typesupport_fastrtps_c;rosidl_typesupport_introspection_c
[4.474s] -- Using all available rosidl_typesupport_cpp: rosidl_typesupport_fastrtps_cpp;rosidl_typesupport_introspection_cpp
[4.845s] -- Found rmw_implementation_cmake: 7.3.2 (/opt/ros/jazzy/share/rmw_implementation_cmake/cmake)
[4.866s] -- Found rmw_fastrtps_cpp: 8.4.2 (/opt/ros/jazzy/share/rmw_fastrtps_cpp/cmake)
[5.470s] -- Found OpenSSL: /usr/lib/x86_64-linux-gnu/libcrypto.so (found version "3.0.13")  
[5.563s] -- Found FastRTPS: /opt/ros/jazzy/include (Required is at least version "2.13") 
[5.684s] -- Using RMW implementation 'rmw_fastrtps_cpp' as default
[6.015s] -- Found std_msgs: 5.3.6 (/opt/ros/jazzy/share/std_msgs/cmake)
[6.080s] -- Found ament_lint_auto: 0.17.2 (/opt/ros/jazzy/share/ament_lint_auto/cmake)
[6.601s] -- Added test 'cppcheck' to perform static code analysis on C / C++ code
[6.602s] -- Configured cppcheck include dirs: 
[6.603s] -- Configured cppcheck exclude dirs and/or files: 
[6.608s] -- Added test 'lint_cmake' to check CMake code style
[6.619s] -- Added test 'uncrustify' to check C / C++ code style
[6.620s] -- Configured uncrustify additional arguments: 
[6.624s] -- Added test 'xmllint' to check XML markup files
[6.632s] -- Configuring done (6.5s)
[6.727s] -- Generating done (0.0s)
[6.741s] -- Build files have been written to: /home/dotamy/project-name/src/build/topic_demo_cpp
[6.796s] Invoked command in '/home/dotamy/project-name/src/build/topic_demo_cpp' returned '0': CMAKE_PREFIX_PATH=${CMAKE_PREFIX_PATH}:/opt/ros/jazzy /usr/bin/cmake /home/dotamy/project-name/src/topic_demo_cpp -DCMAKE_INSTALL_PREFIX=/home/dotamy/project-name/src/install/topic_demo_cpp
[6.801s] Invoking command in '/home/dotamy/project-name/src/build/topic_demo_cpp': CMAKE_PREFIX_PATH=${CMAKE_PREFIX_PATH}:/opt/ros/jazzy /usr/bin/cmake --build /home/dotamy/project-name/src/build/topic_demo_cpp -- -j8 -l8
[7.268s] [ 50%] [32mBuilding CXX object CMakeFiles/subnode.dir/src/subscriber.cpp.o[0m
[7.272s] [ 50%] [32mBuilding CXX object CMakeFiles/pubnode.dir/src/publisher.cpp.o[0m
[17.668s] [01m[K/home/dotamy/project-name/src/topic_demo_cpp/src/subscriber.cpp:[m[K In lambda function:
[17.670s] [01m[K/home/dotamy/project-name/src/topic_demo_cpp/src/subscriber.cpp:18:17:[m[K [01;31m[Kerror: [m[Kâ€˜[01m[Kpublisher[m[Kâ€™ was not declared in this scope
[17.671s]    18 |                 [01;31m[Kpublisher[m[K->publish(msg);
[17.671s]       |                 [01;31m[K^~~~~~~~~[m[K
[24.274s] [ 75%] [32m[1mLinking CXX executable pubnode[0m
[24.554s] gmake[2]: *** [CMakeFiles/subnode.dir/build.make:76ï¼šCMakeFiles/subnode.dir/src/subscriber.cpp.o] é”™è¯¯ 1
[24.555s] gmake[1]: *** [CMakeFiles/Makefile2:165ï¼šCMakeFiles/subnode.dir/all] é”™è¯¯ 2
[24.556s] gmake[1]: *** æ­£åœ¨ç­‰å¾…æœªå®Œæˆçš„ä»»åŠ¡....
[25.506s] [ 75%] Built target pubnode
[25.513s] gmake: *** [Makefile:146ï¼šall] é”™è¯¯ 2
[25.527s] Invoked command in '/home/dotamy/project-name/src/build/topic_demo_cpp' returned '2': CMAKE_PREFIX_PATH=${CMAKE_PREFIX_PATH}:/opt/ros/jazzy /usr/bin/cmake --build /home/dotamy/project-name/src/build/topic_demo_cpp -- -j8 -l8
