[ 25%] [32mBuilding CXX object CMakeFiles/subnode.dir/src/subscriber.cpp.o[0m
[ 50%] [32mBuilding CXX object CMakeFiles/pubnode.dir/src/publisher.cpp.o[0m
[01m[K/home/dotamy/project-name/src/topic_demo_cpp/src/subscriber.cpp:[m[K In lambda function:
[01m[K/home/dotamy/project-name/src/topic_demo_cpp/src/subscriber.cpp:18:17:[m[K [01;31m[Kerror: [m[K‘[01m[Kpublisher[m[K’ was not declared in this scope
   18 |                 [01;31m[Kpublisher[m[K->publish(msg);
      |                 [01;31m[K^~~~~~~~~[m[K
[ 75%] [32m[1mLinking CXX executable pubnode[0m
gmake[2]: *** [CMakeFiles/subnode.dir/build.make:76：CMakeFiles/subnode.dir/src/subscriber.cpp.o] 错误 1
gmake[1]: *** [CMakeFiles/Makefile2:165：CMakeFiles/subnode.dir/all] 错误 2
gmake[1]: *** 正在等待未完成的任务....
[ 75%] Built target pubnode
gmake: *** [Makefile:146：all] 错误 2
