[0.070s] Invoking command in '/home/dotamy/project-name/src/build/topic_demo_cpp': CMAKE_PREFIX_PATH=${CMAKE_PREFIX_PATH}:/opt/ros/jazzy /usr/bin/cmake --build /home/dotamy/project-name/src/build/topic_demo_cpp -- -j8 -l8
[0.580s] [ 25%] [32mBuilding CXX object CMakeFiles/subnode.dir/src/subscriber.cpp.o[0m
[0.591s] [ 50%] [32mBuilding CXX object CMakeFiles/pubnode.dir/src/publisher.cpp.o[0m
[10.441s] [01m[K/home/dotamy/project-name/src/topic_demo_cpp/src/subscriber.cpp:[m[K In lambda function:
[10.442s] [01m[K/home/dotamy/project-name/src/topic_demo_cpp/src/subscriber.cpp:18:17:[m[K [01;31m[Kerror: [m[K‘[01m[Kpublisher[m[K’ was not declared in this scope
[10.444s]    18 |                 [01;31m[Kpublisher[m[K->publish(msg);
[10.444s]       |                 [01;31m[K^~~~~~~~~[m[K
[16.558s] [ 75%] [32m[1mLinking CXX executable pubnode[0m
[17.027s] gmake[2]: *** [CMakeFiles/subnode.dir/build.make:76：CMakeFiles/subnode.dir/src/subscriber.cpp.o] 错误 1
[17.029s] gmake[1]: *** [CMakeFiles/Makefile2:165：CMakeFiles/subnode.dir/all] 错误 2
[17.031s] gmake[1]: *** 正在等待未完成的任务....
[17.758s] [ 75%] Built target pubnode
[17.765s] gmake: *** [Makefile:146：all] 错误 2
[17.789s] Invoked command in '/home/dotamy/project-name/src/build/topic_demo_cpp' returned '2': CMAKE_PREFIX_PATH=${CMAKE_PREFIX_PATH}:/opt/ros/jazzy /usr/bin/cmake --build /home/dotamy/project-name/src/build/topic_demo_cpp -- -j8 -l8
