[0.066s] Invoking command in '/home/dotamy/project-name/src/build/topic_demo_cpp': CMAKE_PREFIX_PATH=${CMAKE_PREFIX_PATH}:/opt/ros/jazzy /usr/bin/cmake --build /home/dotamy/project-name/src/build/topic_demo_cpp -- -j8 -l8
[0.520s] [ 25%] [32mBuilding CXX object CMakeFiles/pubnode.dir/src/publisher.cpp.o[0m
[0.584s] [ 50%] [32mBuilding CXX object CMakeFiles/subnode.dir/src/subscriber.cpp.o[0m
[10.571s] [01m[K/home/dotamy/project-name/src/topic_demo_cpp/src/subscriber.cpp:[m[K In lambda function:
[10.572s] [01m[K/home/dotamy/project-name/src/topic_demo_cpp/src/subscriber.cpp:18:17:[m[K [01;31m[Kerror: [m[K‘[01m[Kpublisher[m[K’ was not declared in this scope
[10.573s]    18 |                 [01;31m[Kpublisher[m[K->publish(msg);
[10.574s]       |                 [01;31m[K^~~~~~~~~[m[K
[16.600s] [ 75%] [32m[1mLinking CXX executable pubnode[0m
[17.229s] gmake[2]: *** [CMakeFiles/subnode.dir/build.make:76：CMakeFiles/subnode.dir/src/subscriber.cpp.o] 错误 1
[17.232s] gmake[1]: *** [CMakeFiles/Makefile2:165：CMakeFiles/subnode.dir/all] 错误 2
[17.232s] gmake[1]: *** 正在等待未完成的任务....
[17.863s] [ 75%] Built target pubnode
[17.870s] gmake: *** [Makefile:146：all] 错误 2
[17.889s] Invoked command in '/home/dotamy/project-name/src/build/topic_demo_cpp' returned '2': CMAKE_PREFIX_PATH=${CMAKE_PREFIX_PATH}:/opt/ros/jazzy /usr/bin/cmake --build /home/dotamy/project-name/src/build/topic_demo_cpp -- -j8 -l8
