[01m[K/home/dotamy/project-name/src/topic_demo_cpp/src/subscriber.cpp:[m[K In lambda function:
[01m[K/home/dotamy/project-name/src/topic_demo_cpp/src/subscriber.cpp:15:28:[m[K [01;31m[Kerror: [m[Kexpected initializer before ‘[01m[K==[m[K’ token
   15 |             if(string data [01;31m[K==[m[K "Hello, ROS2!"){
      |                            [01;31m[K^~[m[K
[01m[K/home/dotamy/project-name/src/topic_demo_cpp/src/subscriber.cpp:15:28:[m[K [01;31m[Kerror: [m[Kexpected ‘[01m[K)[m[K’ before ‘[01m[K==[m[K’ token
[01m[K/home/dotamy/project-name/src/topic_demo_cpp/src/subscriber.cpp:15:15:[m[K [01;36m[Knote: [m[Kto match this ‘[01m[K([m[K’
   15 |             if[01;36m[K([m[Kstring data == "Hello, ROS2!"){
      |               [01;36m[K^[m[K
[01m[K/home/dotamy/project-name/src/topic_demo_cpp/src/subscriber.cpp:15:45:[m[K [01;31m[Kerror: [m[Kcould not convert ‘[01m[Kdata[m[K’ from ‘[01m[Kstd::string[m[K’ {aka ‘[01m[Kstd::__cxx11::basic_string<char>[m[K’} to ‘[01m[Kbool[m[K’
   15 |             if(string data == "Hello, ROS2!"[01;31m[K)[m[K{
      |                                             [01;31m[K^[m[K
      |                                             [01;31m[K|[m[K
      |                                             [01;31m[Kstd::string {aka std::__cxx11::basic_string<char>}[m[K
[01m[K/home/dotamy/project-name/src/topic_demo_cpp/src/subscriber.cpp:17:17:[m[K [01;31m[Kerror: [m[K‘[01m[Kpublisher[m[K’ was not declared in this scope
   17 |                 [01;31m[Kpublisher[m[K->publish(msg);
      |                 [01;31m[K^~~~~~~~~[m[K
gmake[2]: *** [CMakeFiles/subnode.dir/build.make:76：CMakeFiles/subnode.dir/src/subscriber.cpp.o] 错误 1
gmake[1]: *** [CMakeFiles/Makefile2:165：CMakeFiles/subnode.dir/all] 错误 2
gmake[1]: *** 正在等待未完成的任务....
gmake: *** [Makefile:146：all] 错误 2
