-- Found ament_cmake: 2.5.3 (/opt/ros/jazzy/share/ament_cmake/cmake)
-- Found rclcpp: 28.1.8 (/opt/ros/jazzy/share/rclcpp/cmake)
-- Found rosidl_generator_c: 4.6.5 (/opt/ros/jazzy/share/rosidl_generator_c/cmake)
-- Found rosidl_generator_cpp: 4.6.5 (/opt/ros/jazzy/share/rosidl_generator_cpp/cmake)
-- Using all available rosidl_typesupport_c: rosidl_typesupport_fastrtps_c;rosidl_typesupport_introspection_c
-- Using all available rosidl_typesupport_cpp: rosidl_typesupport_fastrtps_cpp;rosidl_typesupport_introspection_cpp
-- Found rmw_implementation_cmake: 7.3.2 (/opt/ros/jazzy/share/rmw_implementation_cmake/cmake)
-- Found rmw_fastrtps_cpp: 8.4.2 (/opt/ros/jazzy/share/rmw_fastrtps_cpp/cmake)
-- Using RMW implementation 'rmw_fastrtps_cpp' as default
-- Found std_msgs: 5.3.6 (/opt/ros/jazzy/share/std_msgs/cmake)
-- Found ament_lint_auto: 0.17.2 (/opt/ros/jazzy/share/ament_lint_auto/cmake)
-- Added test 'cppcheck' to perform static code analysis on C / C++ code
-- Configured cppcheck include dirs: 
-- Configured cppcheck exclude dirs and/or files: 
-- Added test 'lint_cmake' to check CMake code style
-- Added test 'uncrustify' to check C / C++ code style
-- Configured uncrustify additional arguments: 
-- Added test 'xmllint' to check XML markup files
-- Configuring done (2.7s)
-- Generating done (0.1s)
-- Build files have been written to: /home/dotamy/project-name/src/build/topic_demo_cpp
[ 25%] [32mBuilding CXX object CMakeFiles/subnode.dir/src/subscriber.cpp.o[0m
[ 50%] [32mBuilding CXX object CMakeFiles/pubnode.dir/src/publisher.cpp.o[0m
[01m[K/home/dotamy/project-name/src/topic_demo_cpp/src/subscriber.cpp:[m[K In lambda function:
[01m[K/home/dotamy/project-name/src/topic_demo_cpp/src/subscriber.cpp:15:28:[m[K [01;31m[Kerror: [m[Kexpected initializer before â€˜[01m[K==[m[Kâ€™ token
   15 |             if(string data [01;31m[K==[m[K "Hello, ROS2!"){
      |                            [01;31m[K^~[m[K
[01m[K/home/dotamy/project-name/src/topic_demo_cpp/src/subscriber.cpp:15:28:[m[K [01;31m[Kerror: [m[Kexpected â€˜[01m[K)[m[Kâ€™ before â€˜[01m[K==[m[Kâ€™ token
[01m[K/home/dotamy/project-name/src/topic_demo_cpp/src/subscriber.cpp:15:15:[m[K [01;36m[Knote: [m[Kto match this â€˜[01m[K([m[Kâ€™
   15 |             if[01;36m[K([m[Kstring data == "Hello, ROS2!"){
      |               [01;36m[K^[m[K
[01m[K/home/dotamy/project-name/src/topic_demo_cpp/src/subscriber.cpp:15:45:[m[K [01;31m[Kerror: [m[Kcould not convert â€˜[01m[Kdata[m[Kâ€™ from â€˜[01m[Kstd::string[m[Kâ€™ {aka â€˜[01m[Kstd::__cxx11::basic_string<char>[m[Kâ€™} to â€˜[01m[Kbool[m[Kâ€™
   15 |             if(string data == "Hello, ROS2!"[01;31m[K)[m[K{
      |                                             [01;31m[K^[m[K
      |                                             [01;31m[K|[m[K
      |                                             [01;31m[Kstd::string {aka std::__cxx11::basic_string<char>}[m[K
[01m[K/home/dotamy/project-name/src/topic_demo_cpp/src/subscriber.cpp:17:17:[m[K [01;31m[Kerror: [m[Kâ€˜[01m[Kpublisher[m[Kâ€™ was not declared in this scope
   17 |                 [01;31m[Kpublisher[m[K->publish(msg);
      |                 [01;31m[K^~~~~~~~~[m[K
gmake[2]: *** [CMakeFiles/subnode.dir/build.make:76ï¼šCMakeFiles/subnode.dir/src/subscriber.cpp.o] é”™è¯¯ 1
gmake[1]: *** [CMakeFiles/Makefile2:165ï¼šCMakeFiles/subnode.dir/all] é”™è¯¯ 2
gmake[1]: *** æ­£åœ¨ç­‰å¾…æœªå®Œæˆçš„ä»»åŠ¡....
[ 75%] [32m[1mLinking CXX executable pubnode[0m
[ 75%] Built target pubnode
gmake: *** [Makefile:146ï¼šall] é”™è¯¯ 2
