[0.109s] Invoking command in '/home/dotamy/project-name/src/build/topic_demo_cpp': CMAKE_PREFIX_PATH=${CMAKE_PREFIX_PATH}:/opt/ros/jazzy /usr/bin/cmake /home/dotamy/project-name/src/topic_demo_cpp -DCMAKE_INSTALL_PREFIX=/home/dotamy/project-name/src/install/topic_demo_cpp
[0.206s] -- Found ament_cmake: 2.5.3 (/opt/ros/jazzy/share/ament_cmake/cmake)
[1.307s] -- Found rclcpp: 28.1.8 (/opt/ros/jazzy/share/rclcpp/cmake)
[1.428s] -- Found rosidl_generator_c: 4.6.5 (/opt/ros/jazzy/share/rosidl_generator_c/cmake)
[1.475s] -- Found rosidl_generator_cpp: 4.6.5 (/opt/ros/jazzy/share/rosidl_generator_cpp/cmake)
[1.529s] -- Using all available rosidl_typesupport_c: rosidl_typesupport_fastrtps_c;rosidl_typesupport_introspection_c
[1.593s] -- Using all available rosidl_typesupport_cpp: rosidl_typesupport_fastrtps_cpp;rosidl_typesupport_introspection_cpp
[1.833s] -- Found rmw_implementation_cmake: 7.3.2 (/opt/ros/jazzy/share/rmw_implementation_cmake/cmake)
[1.840s] -- Found rmw_fastrtps_cpp: 8.4.2 (/opt/ros/jazzy/share/rmw_fastrtps_cpp/cmake)
[2.149s] -- Using RMW implementation 'rmw_fastrtps_cpp' as default
[2.355s] -- Found std_msgs: 5.3.6 (/opt/ros/jazzy/share/std_msgs/cmake)
[2.408s] -- Found ament_lint_auto: 0.17.2 (/opt/ros/jazzy/share/ament_lint_auto/cmake)
[2.822s] -- Added test 'cppcheck' to perform static code analysis on C / C++ code
[2.823s] -- Configured cppcheck include dirs: 
[2.823s] -- Configured cppcheck exclude dirs and/or files: 
[2.827s] -- Added test 'lint_cmake' to check CMake code style
[2.837s] -- Added test 'uncrustify' to check C / C++ code style
[2.837s] -- Configured uncrustify additional arguments: 
[2.839s] -- Added test 'xmllint' to check XML markup files
[2.844s] -- Configuring done (2.7s)
[2.943s] -- Generating done (0.1s)
[2.961s] -- Build files have been written to: /home/dotamy/project-name/src/build/topic_demo_cpp
[3.007s] Invoked command in '/home/dotamy/project-name/src/build/topic_demo_cpp' returned '0': CMAKE_PREFIX_PATH=${CMAKE_PREFIX_PATH}:/opt/ros/jazzy /usr/bin/cmake /home/dotamy/project-name/src/topic_demo_cpp -DCMAKE_INSTALL_PREFIX=/home/dotamy/project-name/src/install/topic_demo_cpp
[3.011s] Invoking command in '/home/dotamy/project-name/src/build/topic_demo_cpp': CMAKE_PREFIX_PATH=${CMAKE_PREFIX_PATH}:/opt/ros/jazzy /usr/bin/cmake --build /home/dotamy/project-name/src/build/topic_demo_cpp -- -j8 -l8
[3.417s] [ 25%] [32mBuilding CXX object CMakeFiles/subnode.dir/src/subscriber.cpp.o[0m
[3.422s] [ 50%] [32mBuilding CXX object CMakeFiles/pubnode.dir/src/publisher.cpp.o[0m
[15.491s] [01m[K/home/dotamy/project-name/src/topic_demo_cpp/src/subscriber.cpp:[m[K In lambda function:
[15.492s] [01m[K/home/dotamy/project-name/src/topic_demo_cpp/src/subscriber.cpp:15:28:[m[K [01;31m[Kerror: [m[Kexpected initializer before ‚Äò[01m[K==[m[K‚Äô token
[15.493s]    15 |             if(string data [01;31m[K==[m[K "Hello, ROS2!"){
[15.494s]       |                            [01;31m[K^~[m[K
[15.495s] [01m[K/home/dotamy/project-name/src/topic_demo_cpp/src/subscriber.cpp:15:28:[m[K [01;31m[Kerror: [m[Kexpected ‚Äò[01m[K)[m[K‚Äô before ‚Äò[01m[K==[m[K‚Äô token
[15.495s] [01m[K/home/dotamy/project-name/src/topic_demo_cpp/src/subscriber.cpp:15:15:[m[K [01;36m[Knote: [m[Kto match this ‚Äò[01m[K([m[K‚Äô
[15.496s]    15 |             if[01;36m[K([m[Kstring data == "Hello, ROS2!"){
[15.497s]       |               [01;36m[K^[m[K
[15.502s] [01m[K/home/dotamy/project-name/src/topic_demo_cpp/src/subscriber.cpp:15:45:[m[K [01;31m[Kerror: [m[Kcould not convert ‚Äò[01m[Kdata[m[K‚Äô from ‚Äò[01m[Kstd::string[m[K‚Äô {aka ‚Äò[01m[Kstd::__cxx11::basic_string<char>[m[K‚Äô} to ‚Äò[01m[Kbool[m[K‚Äô
[15.503s]    15 |             if(string data == "Hello, ROS2!"[01;31m[K)[m[K{
[15.505s]       |                                             [01;31m[K^[m[K
[15.505s]       |                                             [01;31m[K|[m[K
[15.506s]       |                                             [01;31m[Kstd::string {aka std::__cxx11::basic_string<char>}[m[K
[15.508s] [01m[K/home/dotamy/project-name/src/topic_demo_cpp/src/subscriber.cpp:17:17:[m[K [01;31m[Kerror: [m[K‚Äò[01m[Kpublisher[m[K‚Äô was not declared in this scope
[15.509s]    17 |                 [01;31m[Kpublisher[m[K->publish(msg);
[15.509s]       |                 [01;31m[K^~~~~~~~~[m[K
[24.502s] gmake[2]: *** [CMakeFiles/subnode.dir/build.make:76ÔºöCMakeFiles/subnode.dir/src/subscriber.cpp.o] ÈîôËØØ 1
[24.505s] gmake[1]: *** [CMakeFiles/Makefile2:165ÔºöCMakeFiles/subnode.dir/all] ÈîôËØØ 2
[24.506s] gmake[1]: *** Ê≠£Âú®Á≠âÂæÖÊú™ÂÆåÊàêÁöÑ‰ªªÂä°....
[24.598s] [ 75%] [32m[1mLinking CXX executable pubnode[0m
[25.881s] [ 75%] Built target pubnode
[25.891s] gmake: *** [Makefile:146Ôºöall] ÈîôËØØ 2
[25.903s] Invoked command in '/home/dotamy/project-name/src/build/topic_demo_cpp' returned '2': CMAKE_PREFIX_PATH=${CMAKE_PREFIX_PATH}:/opt/ros/jazzy /usr/bin/cmake --build /home/dotamy/project-name/src/build/topic_demo_cpp -- -j8 -l8
